[0.004s] Invoking command in '/home/tbraglia/autonomous-driving/ros2_exercises/simplePublisherSubC++/ros2_ws/src/build/cpp_pubsub': CMAKE_PREFIX_PATH=${CMAKE_PREFIX_PATH}:/opt/ros/humble /usr/bin/cmake /home/tbraglia/autonomous-driving/ros2_exercises/simplePublisherSubC++/ros2_ws/src/cpp_pubsub -DAMENT_CMAKE_SYMLINK_INSTALL=1 -DCMAKE_INSTALL_PREFIX=/home/tbraglia/autonomous-driving/ros2_exercises/simplePublisherSubC++/ros2_ws/src/install/cpp_pubsub
[0.044s] -- The C compiler identification is GNU 11.4.0
[0.079s] -- The CXX compiler identification is GNU 11.4.0
[0.084s] -- Detecting C compiler ABI info
[0.122s] -- Detecting C compiler ABI info - done
[0.127s] -- Check for working C compiler: /usr/bin/cc - skipped
[0.127s] -- Detecting C compile features
[0.128s] -- Detecting C compile features - done
[0.130s] -- Detecting CXX compiler ABI info
[0.173s] -- Detecting CXX compiler ABI info - done
[0.178s] -- Check for working CXX compiler: /usr/bin/c++ - skipped
[0.178s] -- Detecting CXX compile features
[0.179s] -- Detecting CXX compile features - done
[0.183s] -- Found ament_cmake: 1.3.11 (/opt/ros/humble/share/ament_cmake/cmake)
[0.265s] -- Found Python3: /usr/bin/python3 (found version "3.10.12") found components: Interpreter 
[0.296s] -- Override CMake install command with custom implementation using symlinks instead of copying resources
[0.312s] -- Found rclcpp: 16.0.12 (/opt/ros/humble/share/rclcpp/cmake)
[0.339s] -- Found rosidl_generator_c: 3.1.6 (/opt/ros/humble/share/rosidl_generator_c/cmake)
[0.342s] -- Found rosidl_adapter: 3.1.6 (/opt/ros/humble/share/rosidl_adapter/cmake)
[0.347s] -- Found rosidl_generator_cpp: 3.1.6 (/opt/ros/humble/share/rosidl_generator_cpp/cmake)
[0.355s] -- Using all available rosidl_typesupport_c: rosidl_typesupport_fastrtps_c;rosidl_typesupport_introspection_c
[0.365s] -- Using all available rosidl_typesupport_cpp: rosidl_typesupport_fastrtps_cpp;rosidl_typesupport_introspection_cpp
[0.391s] -- Found rmw_implementation_cmake: 6.1.2 (/opt/ros/humble/share/rmw_implementation_cmake/cmake)
[0.393s] -- Found rmw_fastrtps_cpp: 6.2.7 (/opt/ros/humble/share/rmw_fastrtps_cpp/cmake)
[0.439s] -- Found OpenSSL: /usr/lib/aarch64-linux-gnu/libcrypto.so (found version "3.0.2")  
[0.456s] -- Found FastRTPS: /opt/ros/humble/include  
[0.479s] -- Using RMW implementation 'rmw_fastrtps_cpp' as default
[0.484s] -- Looking for pthread.h
[0.524s] -- Looking for pthread.h - found
[0.524s] -- Performing Test CMAKE_HAVE_LIBC_PTHREAD
[0.563s] -- Performing Test CMAKE_HAVE_LIBC_PTHREAD - Success
[0.564s] -- Found Threads: TRUE  
[0.633s] -- Configuring done
[0.638s] -- Generating done
[0.640s] -- Build files have been written to: /home/tbraglia/autonomous-driving/ros2_exercises/simplePublisherSubC++/ros2_ws/src/build/cpp_pubsub
[0.645s] Invoked command in '/home/tbraglia/autonomous-driving/ros2_exercises/simplePublisherSubC++/ros2_ws/src/build/cpp_pubsub' returned '0': CMAKE_PREFIX_PATH=${CMAKE_PREFIX_PATH}:/opt/ros/humble /usr/bin/cmake /home/tbraglia/autonomous-driving/ros2_exercises/simplePublisherSubC++/ros2_ws/src/cpp_pubsub -DAMENT_CMAKE_SYMLINK_INSTALL=1 -DCMAKE_INSTALL_PREFIX=/home/tbraglia/autonomous-driving/ros2_exercises/simplePublisherSubC++/ros2_ws/src/install/cpp_pubsub
[0.646s] Invoking command in '/home/tbraglia/autonomous-driving/ros2_exercises/simplePublisherSubC++/ros2_ws/src/build/cpp_pubsub': CMAKE_PREFIX_PATH=${CMAKE_PREFIX_PATH}:/opt/ros/humble /usr/bin/cmake --build /home/tbraglia/autonomous-driving/ros2_exercises/simplePublisherSubC++/ros2_ws/src/build/cpp_pubsub -- -j4 -l4
[0.670s] [ 50%] [32mBuilding CXX object CMakeFiles/talker.dir/src/publisher_member_function.cpp.o[0m
[2.845s] [100%] [32m[1mLinking CXX executable talker[0m
[2.946s] [100%] Built target talker
[2.954s] Invoked command in '/home/tbraglia/autonomous-driving/ros2_exercises/simplePublisherSubC++/ros2_ws/src/build/cpp_pubsub' returned '0': CMAKE_PREFIX_PATH=${CMAKE_PREFIX_PATH}:/opt/ros/humble /usr/bin/cmake --build /home/tbraglia/autonomous-driving/ros2_exercises/simplePublisherSubC++/ros2_ws/src/build/cpp_pubsub -- -j4 -l4
[2.958s] Invoking command in '/home/tbraglia/autonomous-driving/ros2_exercises/simplePublisherSubC++/ros2_ws/src/build/cpp_pubsub': CMAKE_PREFIX_PATH=${CMAKE_PREFIX_PATH}:/opt/ros/humble /usr/bin/cmake --install /home/tbraglia/autonomous-driving/ros2_exercises/simplePublisherSubC++/ros2_ws/src/build/cpp_pubsub
[2.962s] -- Install configuration: ""
[2.962s] -- Execute custom install script
[2.963s] -- Symlinking: /home/tbraglia/autonomous-driving/ros2_exercises/simplePublisherSubC++/ros2_ws/src/install/cpp_pubsub/lib/cpp_pubsub/talker
[2.967s] -- Symlinking: /home/tbraglia/autonomous-driving/ros2_exercises/simplePublisherSubC++/ros2_ws/src/install/cpp_pubsub/share/ament_index/resource_index/package_run_dependencies/cpp_pubsub
[2.971s] -- Symlinking: /home/tbraglia/autonomous-driving/ros2_exercises/simplePublisherSubC++/ros2_ws/src/install/cpp_pubsub/share/ament_index/resource_index/parent_prefix_path/cpp_pubsub
[2.975s] -- Symlinking: /home/tbraglia/autonomous-driving/ros2_exercises/simplePublisherSubC++/ros2_ws/src/install/cpp_pubsub/share/cpp_pubsub/environment/ament_prefix_path.sh
[2.980s] -- Symlinking: /home/tbraglia/autonomous-driving/ros2_exercises/simplePublisherSubC++/ros2_ws/src/install/cpp_pubsub/share/cpp_pubsub/environment/ament_prefix_path.dsv
[2.984s] -- Symlinking: /home/tbraglia/autonomous-driving/ros2_exercises/simplePublisherSubC++/ros2_ws/src/install/cpp_pubsub/share/cpp_pubsub/environment/path.sh
[2.988s] -- Symlinking: /home/tbraglia/autonomous-driving/ros2_exercises/simplePublisherSubC++/ros2_ws/src/install/cpp_pubsub/share/cpp_pubsub/environment/path.dsv
[2.992s] -- Symlinking: /home/tbraglia/autonomous-driving/ros2_exercises/simplePublisherSubC++/ros2_ws/src/install/cpp_pubsub/share/cpp_pubsub/local_setup.bash
[2.996s] -- Symlinking: /home/tbraglia/autonomous-driving/ros2_exercises/simplePublisherSubC++/ros2_ws/src/install/cpp_pubsub/share/cpp_pubsub/local_setup.sh
[3.000s] -- Symlinking: /home/tbraglia/autonomous-driving/ros2_exercises/simplePublisherSubC++/ros2_ws/src/install/cpp_pubsub/share/cpp_pubsub/local_setup.zsh
[3.003s] -- Symlinking: /home/tbraglia/autonomous-driving/ros2_exercises/simplePublisherSubC++/ros2_ws/src/install/cpp_pubsub/share/cpp_pubsub/local_setup.dsv
[3.007s] -- Symlinking: /home/tbraglia/autonomous-driving/ros2_exercises/simplePublisherSubC++/ros2_ws/src/install/cpp_pubsub/share/cpp_pubsub/package.dsv
[3.011s] -- Symlinking: /home/tbraglia/autonomous-driving/ros2_exercises/simplePublisherSubC++/ros2_ws/src/install/cpp_pubsub/share/ament_index/resource_index/packages/cpp_pubsub
[3.015s] -- Symlinking: /home/tbraglia/autonomous-driving/ros2_exercises/simplePublisherSubC++/ros2_ws/src/install/cpp_pubsub/share/cpp_pubsub/cmake/cpp_pubsubConfig.cmake
[3.019s] -- Symlinking: /home/tbraglia/autonomous-driving/ros2_exercises/simplePublisherSubC++/ros2_ws/src/install/cpp_pubsub/share/cpp_pubsub/cmake/cpp_pubsubConfig-version.cmake
[3.022s] -- Symlinking: /home/tbraglia/autonomous-driving/ros2_exercises/simplePublisherSubC++/ros2_ws/src/install/cpp_pubsub/share/cpp_pubsub/package.xml
[3.027s] Invoked command in '/home/tbraglia/autonomous-driving/ros2_exercises/simplePublisherSubC++/ros2_ws/src/build/cpp_pubsub' returned '0': CMAKE_PREFIX_PATH=${CMAKE_PREFIX_PATH}:/opt/ros/humble /usr/bin/cmake --install /home/tbraglia/autonomous-driving/ros2_exercises/simplePublisherSubC++/ros2_ws/src/build/cpp_pubsub
